This is pdfTeX, Version 3.14159265-2.6-1.40.18 (TeX Live 2017/Debian) (preloaded format=pdflatex 2021.3.26)  10 MAY 2021 14:50
entering extended mode
 restricted \write18 enabled.
 %&-line parsing enabled.
**preamp_final.tex
(./preamp_final.tex
LaTeX2e <2017-04-15>
Babel <3.18> and hyphenation patterns for 10 language(s) loaded.
(/usr/share/texlive/texmf-dist/tex/latex/base/report.cls
Document Class: report 2014/09/29 v1.4h Standard LaTeX document class
(/usr/share/texlive/texmf-dist/tex/latex/base/size10.clo
File: size10.clo 2014/09/29 v1.4h Standard LaTeX file (size option)
)
\c@part=\count79
\c@chapter=\count80
\c@section=\count81
\c@subsection=\count82
\c@subsubsection=\count83
\c@paragraph=\count84
\c@subparagraph=\count85
\c@figure=\count86
\c@table=\count87
\abovecaptionskip=\skip41
\belowcaptionskip=\skip42
\bibindent=\dimen102
)
(/usr/share/texlive/texmf-dist/tex/latex/geometry/geometry.sty
Package: geometry 2010/09/12 v5.6 Page Geometry

(/usr/share/texlive/texmf-dist/tex/latex/graphics/keyval.sty
Package: keyval 2014/10/28 v1.15 key=value parser (DPC)
\KV@toks@=\toks14
)
(/usr/share/texlive/texmf-dist/tex/generic/oberdiek/ifpdf.sty
Package: ifpdf 2017/03/15 v3.2 Provides the ifpdf switch
)
(/usr/share/texlive/texmf-dist/tex/generic/oberdiek/ifvtex.sty
Package: ifvtex 2016/05/16 v1.6 Detect VTeX and its facilities (HO)
Package ifvtex Info: VTeX not detected.
)
(/usr/share/texlive/texmf-dist/tex/generic/ifxetex/ifxetex.sty
Package: ifxetex 2010/09/12 v0.6 Provides ifxetex conditional
)
\Gm@cnth=\count88
\Gm@cntv=\count89
\c@Gm@tempcnt=\count90
\Gm@bindingoffset=\dimen103
\Gm@wd@mp=\dimen104
\Gm@odd@mp=\dimen105
\Gm@even@mp=\dimen106
\Gm@layoutwidth=\dimen107
\Gm@layoutheight=\dimen108
\Gm@layouthoffset=\dimen109
\Gm@layoutvoffset=\dimen110
\Gm@dimlist=\toks15
)
(/usr/share/texlive/texmf-dist/tex/latex/base/inputenc.sty
Package: inputenc 2015/03/17 v1.2c Input encoding file
\inpenc@prehook=\toks16
\inpenc@posthook=\toks17

(/usr/share/texlive/texmf-dist/tex/latex/base/latin1.def
File: latin1.def 2015/03/17 v1.2c Input encoding file
))
(/usr/share/texlive/texmf-dist/tex/latex/base/fontenc.sty
Package: fontenc 2017/04/05 v2.0i Standard LaTeX package

(/usr/share/texlive/texmf-dist/tex/latex/base/t1enc.def
File: t1enc.def 2017/04/05 v2.0i Standard LaTeX file
LaTeX Font Info:    Redeclaring font encoding T1 on input line 48.
))
(/usr/share/texlive/texmf-dist/tex/generic/german/ngerman.sty v2.5e 1998-07-08
Package: ngerman 1998/07/08 v2.5e Support for writing german texts (br)
\grmnU@D=\dimen111
ngerman -- \language number for naustrian undefined, default 6 used.
ngerman -- \language number for French undefined, default 255 used.
) (/usr/share/texlive/texmf-dist/tex/latex/graphics/graphicx.sty
Package: graphicx 2017/06/01 v1.1a Enhanced LaTeX Graphics (DPC,SPQR)

(/usr/share/texlive/texmf-dist/tex/latex/graphics/graphics.sty
Package: graphics 2017/06/25 v1.2c Standard LaTeX Graphics (DPC,SPQR)

(/usr/share/texlive/texmf-dist/tex/latex/graphics/trig.sty
Package: trig 2016/01/03 v1.10 sin cos tan (DPC)
)
(/usr/share/texlive/texmf-dist/tex/latex/graphics-cfg/graphics.cfg
File: graphics.cfg 2016/06/04 v1.11 sample graphics configuration
)
Package graphics Info: Driver file: pdftex.def on input line 99.

(/usr/share/texlive/texmf-dist/tex/latex/graphics-def/pdftex.def
File: pdftex.def 2018/01/08 v1.0l Graphics/color driver for pdftex
))
\Gin@req@height=\dimen112
\Gin@req@width=\dimen113
)
(/usr/share/texlive/texmf-dist/tex/latex/comment/comment.sty
\CommentStream=\write3

Excluding comment 'comment')
(/usr/share/texlive/texmf-dist/tex/latex/caption/subcaption.sty
Package: subcaption 2016/05/22 v1.1-161 Sub-captions (AR)

(/usr/share/texlive/texmf-dist/tex/latex/caption/caption.sty
Package: caption 2016/02/21 v3.3-144 Customizing captions (AR)

(/usr/share/texlive/texmf-dist/tex/latex/caption/caption3.sty
Package: caption3 2016/05/22 v1.7-166 caption3 kernel (AR)
Package caption3 Info: TeX engine: e-TeX on input line 67.
\captionmargin=\dimen114
\captionmargin@=\dimen115
\captionwidth=\dimen116
\caption@tempdima=\dimen117
\caption@indent=\dimen118
\caption@parindent=\dimen119
\caption@hangindent=\dimen120
)
\c@ContinuedFloat=\count91
)
\c@subfigure=\count92
\c@subtable=\count93
)
(/usr/share/texlive/texmf-dist/tex/latex/placeins/placeins.sty
Package: placeins 2005/04/18  v 2.2
)
(./preamp_final.aux)
\openout1 = `preamp_final.aux'.

LaTeX Font Info:    Checking defaults for OML/cmm/m/it on input line 31.
LaTeX Font Info:    ... okay on input line 31.
LaTeX Font Info:    Checking defaults for T1/cmr/m/n on input line 31.
LaTeX Font Info:    ... okay on input line 31.
LaTeX Font Info:    Checking defaults for OT1/cmr/m/n on input line 31.
LaTeX Font Info:    ... okay on input line 31.
LaTeX Font Info:    Checking defaults for OMS/cmsy/m/n on input line 31.
LaTeX Font Info:    ... okay on input line 31.
LaTeX Font Info:    Checking defaults for OMX/cmex/m/n on input line 31.
LaTeX Font Info:    ... okay on input line 31.
LaTeX Font Info:    Checking defaults for U/cmr/m/n on input line 31.
LaTeX Font Info:    ... okay on input line 31.

*geometry* driver: auto-detecting
*geometry* detected driver: pdftex
*geometry* verbose mode - [ preamble ] result:
* driver: pdftex
* paper: a4paper
* layout: <same size as paper>
* layoutoffset:(h,v)=(0.0pt,0.0pt)
* modes: 
* h-part:(L,W,R)=(56.9055pt, 483.69684pt, 56.90553pt)
* v-part:(T,H,B)=(56.9055pt, 731.23582pt, 56.90552pt)
* \paperwidth=597.50787pt
* \paperheight=845.04684pt
* \textwidth=483.69684pt
* \textheight=731.23582pt
* \oddsidemargin=-15.36449pt
* \evensidemargin=-15.36449pt
* \topmargin=-52.36449pt
* \headheight=12.0pt
* \headsep=25.0pt
* \topskip=10.0pt
* \footskip=30.0pt
* \marginparwidth=65.0pt
* \marginparsep=11.0pt
* \columnsep=10.0pt
* \skip\footins=9.0pt plus 4.0pt minus 2.0pt
* \hoffset=0.0pt
* \voffset=0.0pt
* \mag=1000
* \@twocolumnfalse
* \@twosidefalse
* \@mparswitchfalse
* \@reversemarginfalse
* (1in=72.27pt=25.4mm, 1cm=28.453pt)

(/usr/share/texlive/texmf-dist/tex/context/base/mkii/supp-pdf.mkii
[Loading MPS to PDF converter (version 2006.09.02).]
\scratchcounter=\count94
\scratchdimen=\dimen121
\scratchbox=\box26
\nofMPsegments=\count95
\nofMParguments=\count96
\everyMPshowfont=\toks18
\MPscratchCnt=\count97
\MPscratchDim=\dimen122
\MPnumerator=\count98
\makeMPintoPDFobject=\count99
\everyMPtoPDFconversion=\toks19
) (/usr/share/texlive/texmf-dist/tex/latex/oberdiek/epstopdf-base.sty
Package: epstopdf-base 2016/05/15 v2.6 Base part for package epstopdf

(/usr/share/texlive/texmf-dist/tex/generic/oberdiek/infwarerr.sty
Package: infwarerr 2016/05/16 v1.4 Providing info/warning/error messages (HO)
)
(/usr/share/texlive/texmf-dist/tex/latex/oberdiek/grfext.sty
Package: grfext 2016/05/16 v1.2 Manage graphics extensions (HO)

(/usr/share/texlive/texmf-dist/tex/generic/oberdiek/kvdefinekeys.sty
Package: kvdefinekeys 2016/05/16 v1.4 Define keys (HO)

(/usr/share/texlive/texmf-dist/tex/generic/oberdiek/ltxcmds.sty
Package: ltxcmds 2016/05/16 v1.23 LaTeX kernel commands for general use (HO)
)))
(/usr/share/texlive/texmf-dist/tex/latex/oberdiek/kvoptions.sty
Package: kvoptions 2016/05/16 v3.12 Key value format for package options (HO)

(/usr/share/texlive/texmf-dist/tex/generic/oberdiek/kvsetkeys.sty
Package: kvsetkeys 2016/05/16 v1.17 Key value parser (HO)

(/usr/share/texlive/texmf-dist/tex/generic/oberdiek/etexcmds.sty
Package: etexcmds 2016/05/16 v1.6 Avoid name clashes with e-TeX commands (HO)

(/usr/share/texlive/texmf-dist/tex/generic/oberdiek/ifluatex.sty
Package: ifluatex 2016/05/16 v1.4 Provides the ifluatex switch (HO)
Package ifluatex Info: LuaTeX not detected.
)
Package etexcmds Info: Could not find \expanded.
(etexcmds)             That can mean that you are not using pdfTeX 1.50 or
(etexcmds)             that some package has redefined \expanded.
(etexcmds)             In the latter case, load this package earlier.
)))
(/usr/share/texlive/texmf-dist/tex/generic/oberdiek/pdftexcmds.sty
Package: pdftexcmds 2018/01/21 v0.26 Utility functions of pdfTeX for LuaTeX (HO
)
Package pdftexcmds Info: LuaTeX not detected.
Package pdftexcmds Info: \pdf@primitive is available.
Package pdftexcmds Info: \pdf@ifprimitive is available.
Package pdftexcmds Info: \pdfdraftmode found.
)
Package epstopdf-base Info: Redefining graphics rule for `.eps' on input line 4
38.
Package grfext Info: Graphics extension search list:
(grfext)             [.pdf,.png,.jpg,.mps,.jpeg,.jbig2,.jb2,.PDF,.PNG,.JPG,.JPE
G,.JBIG2,.JB2,.eps]
(grfext)             \AppendGraphicsExtensions on input line 456.

(/usr/share/texlive/texmf-dist/tex/latex/latexconfig/epstopdf-sys.cfg
File: epstopdf-sys.cfg 2010/07/13 v1.3 Configuration of (r)epstopdf for TeX Liv
e
))
Package caption Info: Begin \AtBeginDocument code.
Package caption Info: End \AtBeginDocument code.
LaTeX Font Info:    External font `cmex10' loaded for size
(Font)              <12> on input line 33.
LaTeX Font Info:    External font `cmex10' loaded for size
(Font)              <8> on input line 33.
LaTeX Font Info:    External font `cmex10' loaded for size
(Font)              <6> on input line 33.


LaTeX Warning: No \author given.

[1

{/var/lib/texmf/fonts/map/pdftex/updmap/pdftex.map}] [1]
<./test_preamp/preamp1_lim_energy_card0_all.png, id=13, 971.63pt x 640.3925pt>
File: ./test_preamp/preamp1_lim_energy_card0_all.png Graphic file (type png)
<use ./test_preamp/preamp1_lim_energy_card0_all.png>
Package pdftex.def Info: ./test_preamp/preamp1_lim_energy_card0_all.png  used o
n input line 50.
(pdftex.def)             Requested size: 483.69684pt x 318.79813pt.
<./test_preamp/preamp1_lim_energy_card1_all.png, id=14, 971.63pt x 640.3925pt>
File: ./test_preamp/preamp1_lim_energy_card1_all.png Graphic file (type png)
<use ./test_preamp/preamp1_lim_energy_card1_all.png>
Package pdftex.def Info: ./test_preamp/preamp1_lim_energy_card1_all.png  used o
n input line 55.
(pdftex.def)             Requested size: 483.69684pt x 318.79813pt.
 [2 <./test_preamp/preamp1_lim_energy_card0_all.png>] [3 <./test_preamp/preamp1
_lim_energy_card1_all.png>]
<./test_preamp/preamp5_lim_energy_card0_all.png, id=22, 971.63pt x 640.3925pt>
File: ./test_preamp/preamp5_lim_energy_card0_all.png Graphic file (type png)
<use ./test_preamp/preamp5_lim_energy_card0_all.png>
Package pdftex.def Info: ./test_preamp/preamp5_lim_energy_card0_all.png  used o
n input line 64.
(pdftex.def)             Requested size: 483.69684pt x 318.79813pt.
 [4

 <./test_preamp/preamp5_lim_energy_card0_all.png>]
<./test_preamp//dr_latest_test/preamp6_lim_energy_card0_all_no_pulser.png, id=2
6, 971.63pt x 640.3925pt>
File: ./test_preamp//dr_latest_test/preamp6_lim_energy_card0_all_no_pulser.png 
Graphic file (type png)
<use ./test_preamp//dr_latest_test/preamp6_lim_energy_card0_all_no_pulser.png>
Package pdftex.def Info: ./test_preamp//dr_latest_test/preamp6_lim_energy_card0
_all_no_pulser.png  used on input line 73.
(pdftex.def)             Requested size: 483.69684pt x 318.79813pt.

Overfull \hbox (12.32092pt too wide) in paragraph at lines 71--76
\T1/cmr/m/n/10 To re-pair: card 0 chan-nels 8,9,10,11,12,15 (FEBEXCh. 7,8,10,13
,14,15) are noi-sy. card1 chan-nels 7,8,9,10,11,12,13,15
 []

<./test_preamp/dr_latest_test/preamp6_lim_energy_card1_all_no_pulser.png, id=27
, 971.63pt x 640.3925pt>
File: ./test_preamp/dr_latest_test/preamp6_lim_energy_card1_all_no_pulser.png G
raphic file (type png)
<use ./test_preamp/dr_latest_test/preamp6_lim_energy_card1_all_no_pulser.png>
Package pdftex.def Info: ./test_preamp/dr_latest_test/preamp6_lim_energy_card1_
all_no_pulser.png  used on input line 78.
(pdftex.def)             Requested size: 483.69684pt x 318.79813pt.
[5

 <./test_preamp//dr_latest_test/preamp6_lim_energy_card0_all_no_pulser.png>]
[6 <./test_preamp/dr_latest_test/preamp6_lim_energy_card1_all_no_pulser.png>]
<./test_preamp/dr_latest_test/preamp7_lim_energy_card1_all_no_pulser.png, id=35
, 971.63pt x 640.3925pt>
File: ./test_preamp/dr_latest_test/preamp7_lim_energy_card1_all_no_pulser.png G
raphic file (type png)
<use ./test_preamp/dr_latest_test/preamp7_lim_energy_card1_all_no_pulser.png>
Package pdftex.def Info: ./test_preamp/dr_latest_test/preamp7_lim_energy_card1_
all_no_pulser.png  used on input line 87.
(pdftex.def)             Requested size: 483.69684pt x 318.79813pt.

[7

 <./test_preamp/dr_latest_test/preamp7_lim_energy_card1_all_no_pulser.png>]
<./test_preamp/dr_latest_test/preamp8_lim_energy_card0_all_no_pulser.png, id=39
, 971.63pt x 640.3925pt>
File: ./test_preamp/dr_latest_test/preamp8_lim_energy_card0_all_no_pulser.png G
raphic file (type png)
<use ./test_preamp/dr_latest_test/preamp8_lim_energy_card0_all_no_pulser.png>
Package pdftex.def Info: ./test_preamp/dr_latest_test/preamp8_lim_energy_card0_
all_no_pulser.png  used on input line 97.
(pdftex.def)             Requested size: 483.69684pt x 318.79813pt.
<./test_preamp/dr_latest_test/preamp8_lim_energy_card1_all_no_pulser.png, id=40
, 971.63pt x 640.3925pt>
File: ./test_preamp/dr_latest_test/preamp8_lim_energy_card1_all_no_pulser.png G
raphic file (type png)
<use ./test_preamp/dr_latest_test/preamp8_lim_energy_card1_all_no_pulser.png>
Package pdftex.def Info: ./test_preamp/dr_latest_test/preamp8_lim_energy_card1_
all_no_pulser.png  used on input line 102.
(pdftex.def)             Requested size: 483.69684pt x 318.79813pt.

[8

 <./test_preamp/dr_latest_test/preamp8_lim_energy_card0_all_no_pulser.png>]
[9 <./test_preamp/dr_latest_test/preamp8_lim_energy_card1_all_no_pulser.png>]
[10

]
<./test_preamp/small_box_card0_all_nopulser.png, id=50, 845.40843pt x 596.98032
pt>
File: ./test_preamp/small_box_card0_all_nopulser.png Graphic file (type png)
<use ./test_preamp/small_box_card0_all_nopulser.png>
Package pdftex.def Info: ./test_preamp/small_box_card0_all_nopulser.png  used o
n input line 116.
(pdftex.def)             Requested size: 483.69684pt x 341.5576pt.
 [11

 <./test_preamp/small_box_card0_all_nopulser.png>]
Underfull \hbox (badness 10000) in paragraph at lines 125--127

 []

<./test_preamp/rc_bus_test/preamp1_card0_gamma_all.png, id=56, 971.63pt x 640.3
925pt>
File: ./test_preamp/rc_bus_test/preamp1_card0_gamma_all.png Graphic file (type 
png)
<use ./test_preamp/rc_bus_test/preamp1_card0_gamma_all.png>
Package pdftex.def Info: ./test_preamp/rc_bus_test/preamp1_card0_gamma_all.png 
 used on input line 131.
(pdftex.def)             Requested size: 483.69684pt x 318.79813pt.
<./test_preamp/rc_bus_test/preamp1_card1_gamma_all.png, id=57, 971.63pt x 640.3
925pt>
File: ./test_preamp/rc_bus_test/preamp1_card1_gamma_all.png Graphic file (type 
png)
<use ./test_preamp/rc_bus_test/preamp1_card1_gamma_all.png>
Package pdftex.def Info: ./test_preamp/rc_bus_test/preamp1_card1_gamma_all.png 
 used on input line 135.
(pdftex.def)             Requested size: 483.69684pt x 318.79813pt.
[12

 <./test_preamp/rc_bus_test/preamp1_card0_gamma_all.png>] [13 <./test_preamp/rc
_bus_test/preamp1_card1_gamma_all.png>]
<./test_preamp/rc_bus_test/preamp5_card0_gamma_all.png, id=65, 971.63pt x 640.3
925pt>
File: ./test_preamp/rc_bus_test/preamp5_card0_gamma_all.png Graphic file (type 
png)
<use ./test_preamp/rc_bus_test/preamp5_card0_gamma_all.png>
Package pdftex.def Info: ./test_preamp/rc_bus_test/preamp5_card0_gamma_all.png 
 used on input line 145.
(pdftex.def)             Requested size: 483.69684pt x 318.79813pt.
<./test_preamp/rc_bus_test/preamp5_card1_gamma_all.png, id=66, 971.63pt x 640.3
925pt>
File: ./test_preamp/rc_bus_test/preamp5_card1_gamma_all.png Graphic file (type 
png)
<use ./test_preamp/rc_bus_test/preamp5_card1_gamma_all.png>
Package pdftex.def Info: ./test_preamp/rc_bus_test/preamp5_card1_gamma_all.png 
 used on input line 149.
(pdftex.def)             Requested size: 483.69684pt x 318.79813pt.
 [14

 <./test_preamp/rc_bus_test/preamp5_card0_gamma_all.png>] [15 <./test_preamp/rc
_bus_test/preamp5_card1_gamma_all.png>]
<./test_preamp/rc_bus_test/preamp6_card0_gamma_all.png, id=73, 971.63pt x 640.3
925pt>
File: ./test_preamp/rc_bus_test/preamp6_card0_gamma_all.png Graphic file (type 
png)
<use ./test_preamp/rc_bus_test/preamp6_card0_gamma_all.png>
Package pdftex.def Info: ./test_preamp/rc_bus_test/preamp6_card0_gamma_all.png 
 used on input line 159.
(pdftex.def)             Requested size: 483.69684pt x 318.79813pt.
<./test_preamp/rc_bus_test/preamp6_card1_gamma_all.png, id=74, 971.63pt x 640.3
925pt>
File: ./test_preamp/rc_bus_test/preamp6_card1_gamma_all.png Graphic file (type 
png)
<use ./test_preamp/rc_bus_test/preamp6_card1_gamma_all.png>
Package pdftex.def Info: ./test_preamp/rc_bus_test/preamp6_card1_gamma_all.png 
 used on input line 163.
(pdftex.def)             Requested size: 483.69684pt x 318.79813pt.
 [16

 <./test_preamp/rc_bus_test/preamp6_card0_gamma_all.png>] [17 <./test_preamp/rc
_bus_test/preamp6_card1_gamma_all.png>]
<./test_preamp/rc_bus_test/preamp7_card0_gamma_all.png, id=81, 971.63pt x 640.3
925pt>
File: ./test_preamp/rc_bus_test/preamp7_card0_gamma_all.png Graphic file (type 
png)
<use ./test_preamp/rc_bus_test/preamp7_card0_gamma_all.png>
Package pdftex.def Info: ./test_preamp/rc_bus_test/preamp7_card0_gamma_all.png 
 used on input line 172.
(pdftex.def)             Requested size: 483.69684pt x 318.79813pt.
<./test_preamp/rc_bus_test/preamp7_card1_gamma_all.png, id=82, 971.63pt x 640.3
925pt>
File: ./test_preamp/rc_bus_test/preamp7_card1_gamma_all.png Graphic file (type 
png)
<use ./test_preamp/rc_bus_test/preamp7_card1_gamma_all.png>
Package pdftex.def Info: ./test_preamp/rc_bus_test/preamp7_card1_gamma_all.png 
 used on input line 176.
(pdftex.def)             Requested size: 483.69684pt x 318.79813pt.
 [18

 <./test_preamp/rc_bus_test/preamp7_card0_gamma_all.png>] [19 <./test_preamp/rc
_bus_test/preamp7_card1_gamma_all.png>]
<./test_preamp/rc_bus_test/preamp8_card0_gamma_all.png, id=90, 971.63pt x 640.3
925pt>
File: ./test_preamp/rc_bus_test/preamp8_card0_gamma_all.png Graphic file (type 
png)
<use ./test_preamp/rc_bus_test/preamp8_card0_gamma_all.png>
Package pdftex.def Info: ./test_preamp/rc_bus_test/preamp8_card0_gamma_all.png 
 used on input line 185.
(pdftex.def)             Requested size: 483.69684pt x 318.79813pt.
<./test_preamp/rc_bus_test/preamp8_card1_gamma_all.png, id=91, 971.63pt x 640.3
925pt>
File: ./test_preamp/rc_bus_test/preamp8_card1_gamma_all.png Graphic file (type 
png)
<use ./test_preamp/rc_bus_test/preamp8_card1_gamma_all.png>
Package pdftex.def Info: ./test_preamp/rc_bus_test/preamp8_card1_gamma_all.png 
 used on input line 189.
(pdftex.def)             Requested size: 483.69684pt x 318.79813pt.
 [20

 <./test_preamp/rc_bus_test/preamp8_card0_gamma_all.png>]
[21 <./test_preamp/rc_bus_test/preamp8_card1_gamma_all.png>]
<./test_preamp/rc_bus_test/preamp9_card0_gamma_all.png, id=98, 971.63pt x 640.3
925pt>
File: ./test_preamp/rc_bus_test/preamp9_card0_gamma_all.png Graphic file (type 
png)
<use ./test_preamp/rc_bus_test/preamp9_card0_gamma_all.png>
Package pdftex.def Info: ./test_preamp/rc_bus_test/preamp9_card0_gamma_all.png 
 used on input line 198.
(pdftex.def)             Requested size: 483.69684pt x 318.79813pt.
<./test_preamp/rc_bus_test/preamp9_card1_gamma_all.png, id=99, 971.63pt x 640.3
925pt>
File: ./test_preamp/rc_bus_test/preamp9_card1_gamma_all.png Graphic file (type 
png)
<use ./test_preamp/rc_bus_test/preamp9_card1_gamma_all.png>
Package pdftex.def Info: ./test_preamp/rc_bus_test/preamp9_card1_gamma_all.png 
 used on input line 202.
(pdftex.def)             Requested size: 483.69684pt x 318.79813pt.
 [22

 <./test_preamp/rc_bus_test/preamp9_card0_gamma_all.png>] [23 <./test_preamp/rc
_bus_test/preamp9_card1_gamma_all.png>]
<./test_preamp/rc_bus_test/preamp10_card0_gamma_all.png, id=106, 971.63pt x 640
.3925pt>
File: ./test_preamp/rc_bus_test/preamp10_card0_gamma_all.png Graphic file (type
 png)
<use ./test_preamp/rc_bus_test/preamp10_card0_gamma_all.png>
Package pdftex.def Info: ./test_preamp/rc_bus_test/preamp10_card0_gamma_all.png
  used on input line 211.
(pdftex.def)             Requested size: 483.69684pt x 318.79813pt.
<./test_preamp/rc_bus_test/preamp10_card1_gamma_all.png, id=107, 971.63pt x 640
.3925pt>
File: ./test_preamp/rc_bus_test/preamp10_card1_gamma_all.png Graphic file (type
 png)
<use ./test_preamp/rc_bus_test/preamp10_card1_gamma_all.png>
Package pdftex.def Info: ./test_preamp/rc_bus_test/preamp10_card1_gamma_all.png
  used on input line 215.
(pdftex.def)             Requested size: 483.69684pt x 318.79813pt.
 [24

 <./test_preamp/rc_bus_test/preamp10_card0_gamma_all.png>] [25 <./test_preamp/r
c_bus_test/preamp10_card1_gamma_all.png>]
Underfull \hbox (badness 10000) in paragraph at lines 229--236

 []

[26

]
<./test_preamp/fopra_preamp_lim_energy_card1_all.png, id=118, 971.63pt x 640.39
25pt>
File: ./test_preamp/fopra_preamp_lim_energy_card1_all.png Graphic file (type pn
g)
<use ./test_preamp/fopra_preamp_lim_energy_card1_all.png>
Package pdftex.def Info: ./test_preamp/fopra_preamp_lim_energy_card1_all.png  u
sed on input line 243.
(pdftex.def)             Requested size: 483.69684pt x 318.79813pt.
<./test_preamp/rc_bus_test/preampfopra_card0_gamma_all.png, id=119, 971.63pt x 
640.3925pt>
File: ./test_preamp/rc_bus_test/preampfopra_card0_gamma_all.png Graphic file (t
ype png)
<use ./test_preamp/rc_bus_test/preampfopra_card0_gamma_all.png>
Package pdftex.def Info: ./test_preamp/rc_bus_test/preampfopra_card0_gamma_all.
png  used on input line 247.
(pdftex.def)             Requested size: 483.69684pt x 318.79813pt.
<./test_preamp/rc_bus_test/preampfopra_card1_gamma_all.png, id=120, 971.63pt x 
640.3925pt>
File: ./test_preamp/rc_bus_test/preampfopra_card1_gamma_all.png Graphic file (t
ype png)
<use ./test_preamp/rc_bus_test/preampfopra_card1_gamma_all.png>
Package pdftex.def Info: ./test_preamp/rc_bus_test/preampfopra_card1_gamma_all.
png  used on input line 251.
(pdftex.def)             Requested size: 483.69684pt x 318.79813pt.
 [27 <./test_preamp/fopra_preamp_lim_energy_card1_all.png>] [28 <./test_preamp/
rc_bus_test/preampfopra_card0_gamma_all.png> <./test_preamp/rc_bus_test/preampf
opra_card1_gamma_all.png>] (./preamp_final.aux) ) 
Here is how much of TeX's memory you used:
 3681 strings out of 494830
 60629 string characters out of 6177367
 114090 words of memory out of 5000000
 6951 multiletter control sequences out of 15000+600000
 10990 words of font info for 29 fonts, out of 8000000 for 9000
 36 hyphenation exceptions out of 8191
 42i,6n,40p,1137b,261s stack positions out of 5000i,500n,10000p,200000b,80000s
 </home/tobiasjenegger/.texliv
e2017/texmf-var/fonts/pk/ljfour/jknappen/ec/ecbx1200.600pk> </home/tobiasjenegg
er/.texlive2017/texmf-var/fonts/pk/ljfour/jknappen/ec/ecrm1000.600pk> </home/to
biasjenegger/.texlive2017/texmf-var/fonts/pk/ljfour/jknappen/ec/ecbx1440.600pk>
 </home/tobiasjenegger/.texlive2017/texmf-var/fonts/pk/ljfour/jknappen/ec/ecrm1
200.600pk> </home/tobiasjenegger/.texlive2017/texmf-var/fonts/pk/ljfour/jknappe
n/ec/ecrm1728.600pk>
Output written on preamp_final.pdf (29 pages, 499488 bytes).
PDF statistics:
 289 PDF objects out of 1000 (max. 8388607)
 86 compressed objects within 1 object stream
 0 named destinations out of 1000 (max. 500000)
 131 words of extra memory for PDF output out of 10000 (max. 10000000)

